{
  "/home/node/app/src/category/domain/entities/category.ts": {
    "path": "/home/node/app/src/category/domain/entities/category.ts",
    "all": false,
    "statementMap": {
      "0": {
        "start": { "line": 1, "column": 0 },
        "end": { "line": 1, "column": 23 }
      },
      "1": {
        "start": { "line": 2, "column": 0 },
        "end": { "line": 2, "column": 37 }
      },
      "2": {
        "start": { "line": 3, "column": 0 },
        "end": { "line": 3, "column": 1 }
      }
    },
    "s": { "0": 1, "1": 1, "2": 1 },
    "branchMap": {},
    "b": {},
    "fnMap": {},
    "f": {}
  }
}
